<?xml version="1.0" encoding="UTF-8"?>
<!-- Generated by org.testng.reporters.JUnitReportReporter -->
<testsuite hostname="LAPTOP-V3DV16BE" failures="0" tests="1" name="testCases.TC_001_LoginTest" time="0.479" errors="0" timestamp="2024-02-25T17:10:02 EST" skipped="0">
  <testcase classname="testCases.TC_001_LoginTest" name="test_Login" time="0.479"/>
  <system-out/>
</testsuite> <!-- testCases.TC_001_LoginTest -->
