<?xml version="1.0" encoding="UTF-8"?>
<!-- Generated by org.testng.reporters.JUnitReportReporter -->
<testsuite hostname="LAPTOP-V3DV16BE" failures="0" tests="4" name="testCases.TC_003_LoginTestDataDriven" time="20.961" errors="0" timestamp="2024-02-25T10:47:42 EST" skipped="0">
  <testcase classname="testCases.TC_003_LoginTestDataDriven" name="test_loginDataDriven" time="10.180"/>
  <system-out/>
  <testcase classname="testCases.TC_003_LoginTestDataDriven" name="test_loginDataDriven" time="0.275"/>
  <system-out/>
  <testcase classname="testCases.TC_003_LoginTestDataDriven" name="test_loginDataDriven" time="10.168"/>
  <system-out/>
  <testcase classname="testCases.TC_003_LoginTestDataDriven" name="test_loginDataDriven" time="0.338"/>
  <system-out/>
</testsuite> <!-- testCases.TC_003_LoginTestDataDriven -->
